TN:
SF:./src/HelloWorld.js
FN:5,(anonymous_1)
FN:13,(anonymous_2)
FN:35,(anonymous_3)
FN:46,(anonymous_4)
FN:52,(anonymous_5)
FN:58,(anonymous_6)
FN:64,(anonymous_7)
FNF:7
FNH:6
FNDA:4,(anonymous_1)
FNDA:0,(anonymous_2)
FNDA:1532824,(anonymous_3)
FNDA:72,(anonymous_4)
FNDA:12,(anonymous_5)
FNDA:61420,(anonymous_6)
FNDA:4,(anonymous_7)
DA:1,4
DA:13,4
DA:15,0
DA:20,4
DA:22,4
DA:25,0
DA:27,0
DA:31,4
DA:35,4
DA:37,1532824
DA:39,2
DA:41,1532822
DA:46,4
DA:48,72
DA:52,4
DA:54,12
DA:58,4
DA:60,61420
DA:64,4
DA:66,4
DA:70,4
DA:72,4
DA:75,4
LF:23
LH:20
BRDA:20,1,0,4
BRDA:20,1,1,0
BRDA:25,2,0,0
BRDA:25,2,1,0
BRDA:25,3,0,0
BRDA:25,3,1,0
BRDA:37,4,0,2
BRDA:37,4,1,1532822
BRDA:37,5,0,1532824
BRDA:37,5,1,662350
BRDA:70,6,0,4
BRDA:70,6,1,0
BRDA:70,7,0,4
BRDA:70,7,1,4
BRF:14
BRH:8
end_of_record