{"/Users/jpowers/Documents/Git Repos/jstesting/jasmine/spec/HelloWorldSpec.js":{"path":"/Users/jpowers/Documents/Git Repos/jstesting/jasmine/spec/HelloWorldSpec.js","s":{"1":1,"2":0,"3":0},"b":{},"f":{"1":0,"2":0},"fnMap":{"1":{"name":"(anonymous_1)","line":1,"loc":{"start":{"line":1,"column":24},"end":{"line":1,"column":35}}},"2":{"name":"(anonymous_2)","line":2,"loc":{"start":{"line":2,"column":21},"end":{"line":2,"column":32}}}},"statementMap":{"1":{"start":{"line":1,"column":0},"end":{"line":5,"column":3}},"2":{"start":{"line":2,"column":4},"end":{"line":4,"column":7}},"3":{"start":{"line":3,"column":8},"end":{"line":3,"column":53}}},"branchMap":{}}}